<?xml version="1.0" encoding="UTF-8"?>
<!-- Generated by org.testng.reporters.JUnitReportReporter -->
<testsuite hostname="RP" failures="0" tests="1" name="assertions.ResponseValidation" time="5.221" errors="0" timestamp="2024-07-17T10:59:51 IST" skipped="0">
  <testcase classname="assertions.ResponseValidation" name="createUser" time="5.221"/>
</testsuite> <!-- assertions.ResponseValidation -->
