<?xml version="1.0" encoding="UTF-8"?>
<!-- Generated by org.testng.reporters.JUnitReportReporter -->
<testsuite hostname="RP" failures="0" tests="2" name="tests.E2E" time="9.222" errors="0" timestamp="2024-07-30T08:48:56 IST" skipped="0">
  <testcase classname="tests.E2E" name="shopperLogin" time="5.806"/>
  <testcase classname="tests.E2E" name="viewProducts" time="3.416"/>
</testsuite> <!-- tests.E2E -->
