<?xml version="1.0" encoding="UTF-8"?>
<!-- Generated by org.testng.reporters.JUnitReportReporter -->
<testsuite hostname="RP" failures="0" tests="1" name="ProBuf" time="2.176" errors="0" timestamp="2025-06-15T01:22:23 IST" skipped="0">
  <testcase classname="ProBuf" name="ProBufTest" time="2.176"/>
</testsuite> <!-- ProBuf -->
