<?xml version="1.0" encoding="UTF-8"?>
<!-- Generated by org.testng.reporters.JUnitReportReporter -->
<testsuite hostname="RP" failures="0" tests="1" name="CsvRead" time="4.982" errors="0" timestamp="2025-06-15T01:42:54 IST" skipped="0">
  <testcase classname="CsvRead" name="readCsv" time="4.982"/>
</testsuite> <!-- CsvRead -->
