<?xml version="1.0" encoding="UTF-8"?>
<!-- Generated by org.testng.reporters.JUnitReportReporter -->
<testsuite hostname="RP" failures="0" tests="1" name="differentWaysToPassPayload.Raw" time="4.209" errors="0" timestamp="2024-07-13T07:13:47 IST" skipped="0">
  <testcase classname="differentWaysToPassPayload.Raw" name="createUser" time="4.209"/>
</testsuite> <!-- differentWaysToPassPayload.Raw -->
