<?xml version="1.0" encoding="UTF-8"?>
<!-- Generated by org.testng.reporters.JUnitReportReporter -->
<testsuite hostname="RP" failures="0" tests="1" name="differentWaysToPassPayload.ExternalFile" time="4.135" errors="0" timestamp="2024-07-13T07:35:58 IST" skipped="0">
  <testcase classname="differentWaysToPassPayload.ExternalFile" name="createUser" time="4.135"/>
</testsuite> <!-- differentWaysToPassPayload.ExternalFile -->
