<?xml version="1.0" encoding="UTF-8"?>
<!-- Generated by org.testng.reporters.JUnitReportReporter -->
<testsuite hostname="RP" failures="0" tests="1" name="assertions.ResponseHeaderValidation" time="3.785" errors="0" timestamp="2024-07-17T07:39:35 IST" skipped="0">
  <testcase classname="assertions.ResponseHeaderValidation" name="createUser" time="3.785"/>
</testsuite> <!-- assertions.ResponseHeaderValidation -->
