<?xml version="1.0" encoding="UTF-8"?>
<!-- Generated by org.testng.reporters.JUnitReportReporter -->
<testsuite hostname="RP" failures="0" tests="1" name="differentWaysToPassPayload.UsingPojo" time="3.077" errors="0" timestamp="2024-07-13T08:09:27 IST" skipped="0">
  <testcase classname="differentWaysToPassPayload.UsingPojo" name="createUser" time="3.077"/>
</testsuite> <!-- differentWaysToPassPayload.UsingPojo -->
