<?xml version="1.0" encoding="UTF-8"?>
<!-- Generated by org.testng.reporters.JUnitReportReporter -->
<testsuite hostname="RP" failures="0" tests="1" name="differentWaysToPassPayload.JsonObject1" time="4.167" errors="0" timestamp="2024-07-13T07:27:53 IST" skipped="0">
  <testcase classname="differentWaysToPassPayload.JsonObject1" name="createUser" time="4.167"/>
</testsuite> <!-- differentWaysToPassPayload.JsonObject1 -->
