<?xml version="1.0" encoding="UTF-8"?>
<!-- Generated by org.testng.reporters.JUnitReportReporter -->
<testsuite hostname="RP" failures="0" tests="1" name="reqres.GetUsers" time="1.426" errors="0" timestamp="2024-07-12T08:08:28 IST" skipped="0">
  <testcase classname="reqres.GetUsers" name="GetListOfUsers" time="1.426"/>
</testsuite> <!-- reqres.GetUsers -->
