<?xml version="1.0" encoding="UTF-8"?>
<!-- Generated by org.testng.reporters.JUnitReportReporter -->
<testsuite hostname="RP" failures="0" tests="1" name="petStore.Pets" time="2.810" errors="0" timestamp="2024-07-17T08:38:33 IST" skipped="0">
  <testcase classname="petStore.Pets" name="createPet" time="2.810"/>
</testsuite> <!-- petStore.Pets -->
