<?xml version="1.0" encoding="UTF-8"?>
<!-- Generated by org.testng.reporters.JUnitReportReporter -->
<testsuite hostname="RP" failures="0" tests="1" name="reqres.CreateUser" time="3.851" errors="0" timestamp="2024-07-12T08:50:22 IST" skipped="0">
  <testcase classname="reqres.CreateUser" name="createUser" time="3.851"/>
</testsuite> <!-- reqres.CreateUser -->
