<?xml version="1.0" encoding="UTF-8"?>
<!-- Generated by org.testng.reporters.JUnitReportReporter -->
<testsuite hostname="RP" failures="0" tests="1" name="differentWaysToPassPayload.JsonObject" time="4.667" errors="0" timestamp="2024-07-13T07:31:57 IST" skipped="0">
  <testcase classname="differentWaysToPassPayload.JsonObject" name="createUser" time="4.667"/>
</testsuite> <!-- differentWaysToPassPayload.JsonObject -->
