<?xml version="1.0" encoding="UTF-8"?>
<!-- Generated by org.testng.reporters.JUnitReportReporter -->
<testsuite hostname="RP" failures="0" tests="1" name="assertions.ResponseValidation" time="2.386" errors="0" timestamp="2024-07-17T08:34:20 IST" skipped="0">
  <testcase classname="assertions.ResponseValidation" name="createUser" time="2.386"/>
</testsuite> <!-- assertions.ResponseValidation -->
