<?xml version="1.0" encoding="UTF-8"?>
<!-- Generated by org.testng.reporters.JUnitReportReporter -->
<testsuite hostname="RP" failures="0" tests="1" name="differentWaysToPassBody.pojo" time="2.340" errors="0" timestamp="2024-08-02T16:44:15 IST" skipped="0">
  <testcase classname="differentWaysToPassBody.pojo" name="createUser" time="2.340"/>
</testsuite> <!-- differentWaysToPassBody.pojo -->
