<?xml version="1.0" encoding="UTF-8"?>
<!-- Generated by org.testng.reporters.JUnitReportReporter -->
<testsuite hostname="RP" failures="0" tests="1" name="differentWaysToPassBody.Raw" time="1.930" errors="0" timestamp="2024-08-02T16:29:26 IST" skipped="0">
  <testcase classname="differentWaysToPassBody.Raw" name="createUser" time="1.930"/>
</testsuite> <!-- differentWaysToPassBody.Raw -->
