<?xml version="1.0" encoding="UTF-8"?>
<!-- Generated by org.testng.reporters.JUnitReportReporter -->
<testsuite hostname="RP" failures="0" tests="1" name="differentWaysToPassBody.ExternalFile" time="4.573" errors="0" timestamp="2024-08-07T11:10:28 IST" skipped="0">
  <testcase classname="differentWaysToPassBody.ExternalFile" name="createUser" time="4.573"/>
</testsuite> <!-- differentWaysToPassBody.ExternalFile -->
