<?xml version="1.0" encoding="UTF-8"?>
<!-- Generated by org.testng.reporters.JUnitReportReporter -->
<testsuite hostname="RP" failures="0" tests="4" name="gitHub.Repos" time="4.690" errors="0" timestamp="2024-08-07T11:53:28 IST" skipped="0">
  <testcase classname="gitHub.Repos" name="createRepo" time="3.139"/>
  <testcase classname="gitHub.Repos" name="getRepo" time="0.506"/>
  <testcase classname="gitHub.Repos" name="updateRepo" time="0.579"/>
  <testcase classname="gitHub.Repos" name="deleteRepo" time="0.466"/>
</testsuite> <!-- gitHub.Repos -->
