<?xml version="1.0" encoding="UTF-8"?>
<!-- Generated by org.testng.reporters.JUnitReportReporter -->
<testsuite hostname="RP" failures="0" tests="1" name="petStore.Pets" time="6.383" errors="0" timestamp="2024-08-07T12:18:33 IST" skipped="0">
  <testcase classname="petStore.Pets" name="createPet" time="6.383"/>
</testsuite> <!-- petStore.Pets -->
